<?xml version="1.0" encoding="UTF-8"?>
<!-- Generated by org.testng.reporters.JUnitReportReporter -->
<testsuite hostname="JASMEETKAUR-PC" name="com.qa.hubspot.tests.HomePageTest" tests="1" failures="0" timestamp="18 Oct 2020 14:35:46 GMT" time="56.821" errors="0">
  <testcase name="verifyLoggedInUserIdTest" time="56.821" classname="com.qa.hubspot.tests.HomePageTest"/>
</testsuite> <!-- com.qa.hubspot.tests.HomePageTest -->
