<?xml version="1.0" encoding="UTF-8"?>
<!-- Generated by org.testng.reporters.JUnitReportReporter -->
<testsuite hostname="JASMEETKAUR-PC" name="com.qa.hubspot.tests.LoginPageTest" tests="3" failures="0" timestamp="23 Oct 2020 00:08:47 GMT" time="15.346" errors="0">
  <testcase name="verifyLoginPageTitleTest" time="2.053" classname="com.qa.hubspot.tests.LoginPageTest"/>
  <testcase name="verifydoLoginTest" time="2.364" classname="com.qa.hubspot.tests.LoginPageTest"/>
  <testcase name="verifysignUpLinkTest" time="10.929" classname="com.qa.hubspot.tests.LoginPageTest"/>
</testsuite> <!-- com.qa.hubspot.tests.LoginPageTest -->
