<?xml version="1.0" encoding="UTF-8"?>
<!-- Generated by org.testng.reporters.JUnitReportReporter -->
<testsuite hostname="JASMEETKAUR-PC" name="com.qa.hubspot.tests.LoginPageTest" tests="3" failures="0" timestamp="11 Oct 2020 18:10:57 GMT" time="19.555" errors="0">
  <testcase name="verifydoLoginTest" time="2.644" classname="com.qa.hubspot.tests.LoginPageTest"/>
  <testcase name="verifyLoginPageTitleTest" time="0.043" classname="com.qa.hubspot.tests.LoginPageTest"/>
  <testcase name="verifysignUpLinkTest" time="16.868" classname="com.qa.hubspot.tests.LoginPageTest"/>
</testsuite> <!-- com.qa.hubspot.tests.LoginPageTest -->
